v4.3.7
Open Limit Adjuster = true

Mod: Language = 1
Mod: Enabled = true 
Mod: SAMPdisadvantage = true 
System: ProcessPriority = 4
System: FPSlimit = 30
Gameplay: NoReplay = true 
Gameplay: FixMouseStuck = true 
Graphics: DisplayDialogAnyAR = true 
Graphics: FxEmissionRateMult = 1.000000
Graphics: FxDistanceMult = 1.000000
Graphics: StaticPedShadOnBike = true 
Densities: MinDesiredLoadedVeh = 2
Densities: DesiredLoadedVeh = 12
Densities: NumDesiredLoadedVeh = 22
Densities: DelayLoadDesiredVeh = 350
Densities: MinLoadedGangVeh = 1
Densities: PedPopulationMult = 1.000000
Densities: VehPopulationMult = 1.000000
Interface: VehColorGridSize = 0.700000
World: HowManyMinsInDay = 24

Terminado de ler o ini na inicialização do jogo

System: StreamMemory = 1024
System: FPSlimit = 30
System: SkipShutdown = true 
Graphics: MotionBlurAlpha = 36
Graphics: LicenseTextFilter = 3
Graphics: TextureFilterMin = 2
Graphics: TextureFilterMax = 3
Graphics: StencilShadowA = 60
Graphics: PlaneTrailsSegments = 2000
Graphics: RainGroundSplashNum = 5.000000
Graphics: RainGroundSplashSize = 0.020000
Graphics: RainGroundSplashArea = 30.000000
Graphics: HeadlightSmoothMov = true 
Graphics: VehShadowSmoothMov = true 
Graphics: SunBlockedByVehicles = true 
Graphics: SunBlockedByPeds = true 
Graphics: SunBlockedByObjects = true 
Graphics: PlaneSmokeLife = 0.300000
Graphics: BulletTraceRGB = 16777088
Graphics: RopeAlpha = 128
Graphics: WaterFogDensity = 26
Graphics: CameraPhotoQuality = 100
Graphics: MediumGrassDistMult = 0.500000
Graphics: FireCoronaSize = 0.500000
Graphics: FireLensflare = 2
Graphics: ShadowsHeight = 0.040000
Graphics: ShadowsHeightHack = 2.000000
Graphics: WaterWavesRadius = 48
Graphics: WaveLightingCamHei = 0.100000
Graphics: WaveLightingMult = 1.000000
Graphics: BoatFoamLightingFix = 1.000000
Graphics: NoWavesIfCamHeight = 150.000000
Gameplay: ParaLandingFix = true 
Gameplay: NoGarageRadioChange = true 
Gameplay: SCMfixes = true 
Gameplay: UseLureRancher = true 
Gameplay: BikePedImpact = -0.750000
Gameplay: CarPedImpact = -0.500000
Gameplay: VehPedImpactUpForce = 0.250000
Gameplay: VehExploDamage = 1.000000
Gameplay: VehBulletDamage = 1.000000
Gameplay: VehFireDamage = 1.000000
Gameplay: BrakePower = 1.000000
Gameplay: BrakeMin = 0.200000
Gameplay: NoSteerSpeedLimit = true 
Gameplay: NoFixHandsToBars = true 
Gameplay: WheelTurnSpeed = 0.200000
Gameplay: HeliSensibility = 0.003920
Gameplay: RandWheelDettach = true 
Gameplay: HostileGangs = true 
Gameplay: Fix247Randomness = true 
Gameplay: FixBoatRadioAnim = true 
Gameplay: FixTwoPlayerVehSound = true 
Gameplay: MaxStarToCreateEmVeh = 6
Gameplay: HeliRotorSpeed = 0.300000
Gameplay: SniperBulletLife = 1000
Gameplay: RocketLife = 3000
Gameplay: HSRocketLife = 10000
Gameplay: HSRocketSpeed = 0.200000
Gameplay: RocketSpeed = 0.400000
Gameplay: NoPedVehDive = true 
Gameplay: NoPedVehHandsUp = true 
Gameplay: VehCamHeightOffset = 0.000000
Gameplay: GetOffJetpackOnAir = true 
Gameplay: SmoothAimIK = true 
Gameplay: FixDoubleSkidmark = true 
Densities: VehLodDist = 100.000000
Densities: VehDrawDist = 150.000000
Densities: CullDistNormalComps = 20.000000
Densities: VehOccupDrawDist = 25.000000
Densities: CullDistBigComps = 50.000000
Densities: VehMultiPassDist = 45.000000
Densities: PedDrawDist = 60.000000
Densities: RoadblockSpawnDist = 90.000000
Densities: GangWaveMaxSpawnDist = 50.000000
Densities: GangWaveMinSpawnDist = 15.000000
Densities: PedDensityExt = 1.000000
Densities: PedDensityInt = 1.000000
Densities: VehDensity = 1.000000
Densities: VehDespawnOnScr = 170.000000
Densities: VehDespawnOffScr = 75.000000
Densities: PedDespawnOnScr = 65.000000
Densities: PedDespawnOffScr = 54.500000
Densities: PedSpawnOnScr = 50.500000
Densities: PedSpawnOffScr = 42.500000
Densities: TrainSpawnDistance = 220.000000
Densities: MinGrassDist = 3.000000
Densities: MaxGrassDist = 60.000000
Densities: PedWeaponDrawDist = 1.000000
Densities: DeadPedDeleteDelay = 30000
Densities: ShadDist_Vehicles = 18.000000
Densities: ShadDist_SmallPlanes = 144.000000
Densities: ShadDist_BigPlanes = 288.000000
Densities: ShadDist_Peds = 15.000000
Densities: LighDist_VehLight = 27.000000
Densities: ShadHeiLim_HeadLight = 6.000000
Densities: ShadHeiLim_Vehicles = 4.500000
Densities: ShadHeiLim_Aircraft = 50.000000
Densities: VehLimit = 45
Densities: PedLimit = 25
Densities: FootstepsDist = 10.000000
Densities: FootstepsTime = 2000
Densities: FootstepsTimeBlood = 3000
Densities: TimeExplosionTex = 30000
Densities: TimeBloodstainNPC = 2000
Densities: TimeBloodstainPlayer = 8000
Densities: TimeBloodpoolTex = 40000
Densities: TimeBleedingTex = 2000
Densities: PickupsDrawDist = 100.000000
Densities: TimePickupShort = 20000
Densities: TimePickupLong = 120000
Densities: TimePickupMoney = 30000
Densities: NoLODduringFly = true 
Densities: ShadDist_AllPerm = 40.000000
Densities: ShadDist_Poles = 40.000000
Densities: LighDist_TrafficL = 40.000000
Densities: LighDist_Fire = 40.000000
Densities: LighDist_Entities = 40.000000
Skid Marks: SkidRate = 100
Skid Marks: SkidHeight = 0.100000
Interface: ColorableRadarDisc = true 
Interface: NoMinimapOnInteriors = true 
Wanted: MaxHydras = 2
Wanted: DelayHydras = 6000
Wanted: MilitaryZoneStar = 5
Wanted: BannedSFZoneLevel = 4
Wanted: BannedLVZoneLevel = 4
Wanted: RandomHeliFireTime = 0.150000
Hydra: HydraRocketDelay = 500
Hydra: HydraFlareDelay = 1500
Hydra: HydraLockDelay = 1000
Rhino: RhinoFireDelay = 800
Rhino: RhinoFirePush = 0.100000
Rhino: RhinoFireRange = 60.000000
Rhino: RhinoFireType = 10
World: Gravity = 0.008000

Terminado de ler o ini no primeiro frame.

