v1.0 by Junior_Djjr - MixMods.com.br
Trying to find cdeput
Trying to find dsher
Model found dsher
Trying to find sfpdm1
Trying to find lvpdm1
Trying to find cspdm1
Trying to find dspdm1
Trying to find wmycd2
Trying to find lapd2
Trying to find sfpd2
Trying to find lvpd2
Trying to find csher1
Trying to find dsher1
Ok
will fix vehicle 
-- START fix for vehicle id 600 type 0
7 for vehicle, class 0
-- NO FIX 7
will fix vehicle 
-- START fix for vehicle id 474 type 0
7 for vehicle, class 2
-- NO FIX 7
will fix vehicle 
-- START fix for vehicle id 492 type 0
7 for vehicle, class 1
-- NO FIX 7
will fix vehicle 
-- START fix for vehicle id 475 type 0
7 for vehicle, class 0
-- NO FIX 7
will fix vehicle 
-- START fix for vehicle id 418 type 0
7 for vehicle, class 0
-- NO FIX 7
will fix vehicle 
-- START fix for vehicle id 418 type 0
7 for vehicle, class 0
-- NO FIX 7
will fix vehicle 
-- START fix for vehicle id 404 type 0
7 for vehicle, class 1
-- NO FIX 7
will fix vehicle 
-- START fix for vehicle id 404 type 0
7 for vehicle, class 1
-- NO FIX 7
will fix vehicle 
-- START fix for vehicle id 404 type 0
7 for vehicle, class 1
-- NO FIX 7
will fix vehicle 
-- START fix for vehicle id 481 type 0
7 for vehicle, class 11
-- NO FIX 7
will fix vehicle 
-- START fix for vehicle id 600 type 0
7 for vehicle, class 0
-- NO FIX 7
will fix vehicle 
-- START fix for vehicle id 600 type 0
7 for vehicle, class 0
-- NO FIX 7
will fix vehicle 
-- START fix for vehicle id 517 type 0
7 for vehicle, class 1
-- NO FIX 7
